Determining if the pthread_create exist failed with the following output:
Change Dir: /home/lyy/00SLAM/RGBDSLAM/build/CMakeFiles/CMakeTmp

Run Build Command:"/usr/bin/make" "cmTC_1e0ae/fast"
/usr/bin/make -f CMakeFiles/cmTC_1e0ae.dir/build.make CMakeFiles/cmTC_1e0ae.dir/build
make[1]: Entering directory '/home/lyy/00SLAM/RGBDSLAM/build/CMakeFiles/CMakeTmp'
Building C object CMakeFiles/cmTC_1e0ae.dir/CheckSymbolExists.c.o
/usr/bin/cc     -o CMakeFiles/cmTC_1e0ae.dir/CheckSymbolExists.c.o   -c /home/lyy/00SLAM/RGBDSLAM/build/CMakeFiles/CMakeTmp/CheckSymbolExists.c
Linking C executable cmTC_1e0ae
/usr/bin/cmake -E cmake_link_script CMakeFiles/cmTC_1e0ae.dir/link.txt --verbose=1
/usr/bin/cc       CMakeFiles/cmTC_1e0ae.dir/CheckSymbolExists.c.o  -o cmTC_1e0ae -rdynamic 
CMakeFiles/cmTC_1e0ae.dir/CheckSymbolExists.c.o：在函数‘main’中：
CheckSymbolExists.c:(.text+0x16)：对‘pthread_create’未定义的引用
collect2: error: ld returned 1 exit status
CMakeFiles/cmTC_1e0ae.dir/build.make:97: recipe for target 'cmTC_1e0ae' failed
make[1]: *** [cmTC_1e0ae] Error 1
make[1]: Leaving directory '/home/lyy/00SLAM/RGBDSLAM/build/CMakeFiles/CMakeTmp'
Makefile:126: recipe for target 'cmTC_1e0ae/fast' failed
make: *** [cmTC_1e0ae/fast] Error 2

File /home/lyy/00SLAM/RGBDSLAM/build/CMakeFiles/CMakeTmp/CheckSymbolExists.c:
/* */
#include <pthread.h>

int main(int argc, char** argv)
{
  (void)argv;
#ifndef pthread_create
  return ((int*)(&pthread_create))[argc];
#else
  (void)argc;
  return 0;
#endif
}

Determining if the function pthread_create exists in the pthreads failed with the following output:
Change Dir: /home/lyy/00SLAM/RGBDSLAM/build/CMakeFiles/CMakeTmp

Run Build Command:"/usr/bin/make" "cmTC_a69e6/fast"
/usr/bin/make -f CMakeFiles/cmTC_a69e6.dir/build.make CMakeFiles/cmTC_a69e6.dir/build
make[1]: Entering directory '/home/lyy/00SLAM/RGBDSLAM/build/CMakeFiles/CMakeTmp'
Building C object CMakeFiles/cmTC_a69e6.dir/CheckFunctionExists.c.o
/usr/bin/cc    -DCHECK_FUNCTION_EXISTS=pthread_create   -o CMakeFiles/cmTC_a69e6.dir/CheckFunctionExists.c.o   -c /usr/share/cmake-3.5/Modules/CheckFunctionExists.c
Linking C executable cmTC_a69e6
/usr/bin/cmake -E cmake_link_script CMakeFiles/cmTC_a69e6.dir/link.txt --verbose=1
/usr/bin/cc   -DCHECK_FUNCTION_EXISTS=pthread_create    CMakeFiles/cmTC_a69e6.dir/CheckFunctionExists.c.o  -o cmTC_a69e6 -rdynamic -lpthreads 
/usr/bin/ld: 找不到 -lpthreads
collect2: error: ld returned 1 exit status
CMakeFiles/cmTC_a69e6.dir/build.make:97: recipe for target 'cmTC_a69e6' failed
make[1]: *** [cmTC_a69e6] Error 1
make[1]: Leaving directory '/home/lyy/00SLAM/RGBDSLAM/build/CMakeFiles/CMakeTmp'
Makefile:126: recipe for target 'cmTC_a69e6/fast' failed
make: *** [cmTC_a69e6/fast] Error 2


